<?xml version="1.0" encoding="UTF-8"?>
<Site BuildName="Linux-g++"
	BuildStamp="20240114-1745-Experimental"
	Name="deciet"
	Generator="ctest-3.28.1"
	CompilerName="/usr/bin/g++"
	CompilerVersion="13.2.1"
	OSName="Linux"
	Hostname="deciet"
	OSRelease="6.6.10-1-MANJARO"
	OSVersion="#1 SMP PREEMPT_DYNAMIC Fri Jan  5 17:38:36 UTC 2024"
	OSPlatform="x86_64"
	Is64Bits="1"
	VendorString="GenuineIntel"
	VendorID="Intel Corporation"
	FamilyID="6"
	ModelID="94"
	ProcessorCacheSize="6144"
	NumberOfLogicalCPU="4"
	NumberOfPhysicalCPU="4"
	TotalVirtualMemory="20380"
	TotalPhysicalMemory="15936"
	LogicalProcessorsPerPhysical="1"
	ProcessorClockFrequency="4099.97"
	>
	<Testing>
		<StartDateTime>Jan 14 17:45 GMT</StartDateTime>
		<StartTestTime>1705254329</StartTestTime>
		<TestList/>
		<EndDateTime>Jan 14 17:45 GMT</EndDateTime>
		<EndTestTime>1705254329</EndTestTime>
		<ElapsedMinutes>0</ElapsedMinutes>
	</Testing>
</Site>
