<?xml version="1.0" encoding="UTF-8"?>
<Site BuildName="Linux-g++"
	BuildStamp="20231105-1307-Experimental"
	Name="deciet"
	Generator="ctest-3.27.7"
	CompilerName="/usr/bin/g++"
	CompilerVersion="13.2.1"
	OSName="Linux"
	Hostname="deciet"
	OSRelease="6.5.5-1-MANJARO"
	OSVersion="#1 SMP PREEMPT_DYNAMIC Sat Sep 23 12:48:15 UTC 2023"
	OSPlatform="x86_64"
	Is64Bits="1"
	VendorString="GenuineIntel"
	VendorID="Intel Corporation"
	FamilyID="6"
	ModelID="94"
	ProcessorCacheSize="6144"
	NumberOfLogicalCPU="4"
	NumberOfPhysicalCPU="4"
	TotalVirtualMemory="20380"
	TotalPhysicalMemory="15936"
	LogicalProcessorsPerPhysical="1"
	ProcessorClockFrequency="4100"
	>
	<Testing>
		<StartDateTime>Nov 05 13:07 GMT</StartDateTime>
		<StartTestTime>1699189642</StartTestTime>
		<TestList/>
		<EndDateTime>Nov 05 13:07 GMT</EndDateTime>
		<EndTestTime>1699189642</EndTestTime>
		<ElapsedMinutes>0</ElapsedMinutes>
	</Testing>
</Site>
